{"/Users/kevinogidigbo/searchgit/src/App.tsx": {"path":"/Users/kevinogidigbo/searchgit/src/App.tsx","statementMap":{"0":{"start":{"line":52,"column":2},"end":{"line":67,"column":4}},"1":{"start":{"line":57,"column":10},"end":{"line":63,"column":28}},"2":{"start":{"line":59,"column":57},"end":{"line":59,"column":68}},"3":{"start":{"line":60,"column":50},"end":{"line":60,"column":58}}},"fnMap":{"0":{"name":"App","decl":{"start":{"line":51,"column":9},"end":{"line":51,"column":12}},"loc":{"start":{"line":51,"column":15},"end":{"line":68,"column":1}},"line":51},"1":{"name":"(anonymous_1)","decl":{"start":{"line":56,"column":16},"end":{"line":56,"column":17}},"loc":{"start":{"line":57,"column":10},"end":{"line":63,"column":28}},"line":57},"2":{"name":"(anonymous_2)","decl":{"start":{"line":59,"column":51},"end":{"line":59,"column":52}},"loc":{"start":{"line":59,"column":57},"end":{"line":59,"column":68}},"line":59},"3":{"name":"(anonymous_3)","decl":{"start":{"line":60,"column":44},"end":{"line":60,"column":45}},"loc":{"start":{"line":60,"column":50},"end":{"line":60,"column":58}},"line":60}},"branchMap":{},"s":{"0":1,"1":1,"2":0,"3":1},"f":{"0":1,"1":1,"2":0,"3":1},"b":{},"_coverageSchema":"1a1c01bbd47fc00a2c39e90264f33305004495a9","hash":"8826bb88f330769911fe3fd46f11ae9cef4f33a4"}
,"/Users/kevinogidigbo/searchgit/src/index.tsx": {"path":"/Users/kevinogidigbo/searchgit/src/index.tsx","statementMap":{"0":{"start":{"line":7,"column":0},"end":{"line":12,"column":2}},"1":{"start":{"line":17,"column":0},"end":{"line":17,"column":18}}},"fnMap":{},"branchMap":{},"s":{"0":0,"1":0},"f":{},"b":{}}
,"/Users/kevinogidigbo/searchgit/src/reportWebVitals.ts": {"path":"/Users/kevinogidigbo/searchgit/src/reportWebVitals.ts","statementMap":{"0":{"start":{"line":3,"column":24},"end":{"line":13,"column":1}},"1":{"start":{"line":4,"column":2},"end":{"line":12,"column":3}},"2":{"start":{"line":5,"column":4},"end":{"line":11,"column":7}},"3":{"start":{"line":6,"column":6},"end":{"line":6,"column":26}},"4":{"start":{"line":7,"column":6},"end":{"line":7,"column":26}},"5":{"start":{"line":8,"column":6},"end":{"line":8,"column":26}},"6":{"start":{"line":9,"column":6},"end":{"line":9,"column":26}},"7":{"start":{"line":10,"column":6},"end":{"line":10,"column":27}}},"fnMap":{"0":{"name":"(anonymous_0)","decl":{"start":{"line":3,"column":24},"end":{"line":3,"column":25}},"loc":{"start":{"line":3,"column":57},"end":{"line":13,"column":1}},"line":3},"1":{"name":"(anonymous_1)","decl":{"start":{"line":5,"column":30},"end":{"line":5,"column":31}},"loc":{"start":{"line":5,"column":79},"end":{"line":11,"column":5}},"line":5}},"branchMap":{"0":{"loc":{"start":{"line":4,"column":2},"end":{"line":12,"column":3}},"type":"if","locations":[{"start":{"line":4,"column":2},"end":{"line":12,"column":3}},{"start":{},"end":{}}],"line":4},"1":{"loc":{"start":{"line":4,"column":6},"end":{"line":4,"column":52}},"type":"binary-expr","locations":[{"start":{"line":4,"column":6},"end":{"line":4,"column":17}},{"start":{"line":4,"column":21},"end":{"line":4,"column":52}}],"line":4}},"s":{"0":0,"1":0,"2":0,"3":0,"4":0,"5":0,"6":0,"7":0},"f":{"0":0,"1":0},"b":{"0":[0,0],"1":[0,0]}}
,"/Users/kevinogidigbo/searchgit/src/components/Header/index.tsx": {"path":"/Users/kevinogidigbo/searchgit/src/components/Header/index.tsx","statementMap":{"0":{"start":{"line":14,"column":19},"end":{"line":14,"column":67}},"1":{"start":{"line":16,"column":25},"end":{"line":94,"column":1}},"2":{"start":{"line":18,"column":28},"end":{"line":20,"column":11}},"3":{"start":{"line":21,"column":28},"end":{"line":24,"column":3}},"4":{"start":{"line":26,"column":17},"end":{"line":26,"column":30}},"5":{"start":{"line":28,"column":2},"end":{"line":30,"column":14}},"6":{"start":{"line":29,"column":4},"end":{"line":29,"column":63}},"7":{"start":{"line":32,"column":29},"end":{"line":40,"column":3}},"8":{"start":{"line":33,"column":4},"end":{"line":39,"column":5}},"9":{"start":{"line":34,"column":6},"end":{"line":34,"column":66}},"10":{"start":{"line":35,"column":6},"end":{"line":35,"column":23}},"11":{"start":{"line":36,"column":11},"end":{"line":39,"column":5}},"12":{"start":{"line":37,"column":6},"end":{"line":37,"column":67}},"13":{"start":{"line":38,"column":6},"end":{"line":38,"column":24}},"14":{"start":{"line":42,"column":2},"end":{"line":93,"column":4}},"15":{"start":{"line":77,"column":27},"end":{"line":77,"column":53}},"16":{"start":{"line":84,"column":27},"end":{"line":84,"column":54}}},"fnMap":{"0":{"name":"(anonymous_0)","decl":{"start":{"line":16,"column":25},"end":{"line":16,"column":26}},"loc":{"start":{"line":16,"column":31},"end":{"line":94,"column":1}},"line":16},"1":{"name":"(anonymous_1)","decl":{"start":{"line":28,"column":12},"end":{"line":28,"column":13}},"loc":{"start":{"line":28,"column":18},"end":{"line":30,"column":3}},"line":28},"2":{"name":"(anonymous_2)","decl":{"start":{"line":32,"column":29},"end":{"line":32,"column":30}},"loc":{"start":{"line":32,"column":47},"end":{"line":40,"column":3}},"line":32},"3":{"name":"(anonymous_3)","decl":{"start":{"line":77,"column":21},"end":{"line":77,"column":22}},"loc":{"start":{"line":77,"column":27},"end":{"line":77,"column":53}},"line":77},"4":{"name":"(anonymous_4)","decl":{"start":{"line":84,"column":21},"end":{"line":84,"column":22}},"loc":{"start":{"line":84,"column":27},"end":{"line":84,"column":54}},"line":84}},"branchMap":{"0":{"loc":{"start":{"line":23,"column":4},"end":{"line":23,"column":40}},"type":"cond-expr","locations":[{"start":{"line":23,"column":24},"end":{"line":23,"column":30}},{"start":{"line":23,"column":33},"end":{"line":23,"column":40}}],"line":23},"1":{"loc":{"start":{"line":33,"column":4},"end":{"line":39,"column":5}},"type":"if","locations":[{"start":{"line":33,"column":4},"end":{"line":39,"column":5}},{"start":{"line":36,"column":11},"end":{"line":39,"column":5}}],"line":33},"2":{"loc":{"start":{"line":36,"column":11},"end":{"line":39,"column":5}},"type":"if","locations":[{"start":{"line":36,"column":11},"end":{"line":39,"column":5}},{"start":{},"end":{}}],"line":36},"3":{"loc":{"start":{"line":48,"column":12},"end":{"line":48,"column":75}},"type":"cond-expr","locations":[{"start":{"line":48,"column":47},"end":{"line":48,"column":62}},{"start":{"line":48,"column":65},"end":{"line":48,"column":75}}],"line":48},"4":{"loc":{"start":{"line":51,"column":9},"end":{"line":72,"column":9}},"type":"binary-expr","locations":[{"start":{"line":51,"column":9},"end":{"line":51,"column":41}},{"start":{"line":52,"column":10},"end":{"line":71,"column":17}}],"line":51},"5":{"loc":{"start":{"line":81,"column":28},"end":{"line":81,"column":68}},"type":"cond-expr","locations":[{"start":{"line":81,"column":47},"end":{"line":81,"column":56}},{"start":{"line":81,"column":59},"end":{"line":81,"column":68}}],"line":81},"6":{"loc":{"start":{"line":88,"column":27},"end":{"line":88,"column":68}},"type":"cond-expr","locations":[{"start":{"line":88,"column":47},"end":{"line":88,"column":56}},{"start":{"line":88,"column":59},"end":{"line":88,"column":68}}],"line":88}},"s":{"0":2,"1":2,"2":2,"3":2,"4":2,"5":2,"6":2,"7":2,"8":0,"9":0,"10":0,"11":0,"12":0,"13":0,"14":2,"15":0,"16":0},"f":{"0":2,"1":2,"2":0,"3":0,"4":0},"b":{"0":[0,2],"1":[0,0],"2":[0,0],"3":[0,2],"4":[2,0],"5":[0,2],"6":[0,2]},"_coverageSchema":"1a1c01bbd47fc00a2c39e90264f33305004495a9","hash":"d900f52c7b807ebe5af7526a7dab757112b75ee5"}
,"/Users/kevinogidigbo/searchgit/src/components/Pagination/index.tsx": {"path":"/Users/kevinogidigbo/searchgit/src/components/Pagination/index.tsx","statementMap":{"0":{"start":{"line":8,"column":52},"end":{"line":102,"column":1}},"1":{"start":{"line":13,"column":2},"end":{"line":101,"column":4}},"2":{"start":{"line":18,"column":27},"end":{"line":18,"column":53}},"3":{"start":{"line":26,"column":25},"end":{"line":26,"column":44}},"4":{"start":{"line":37,"column":27},"end":{"line":37,"column":53}},"5":{"start":{"line":46,"column":27},"end":{"line":46,"column":53}},"6":{"start":{"line":55,"column":27},"end":{"line":55,"column":49}},"7":{"start":{"line":64,"column":27},"end":{"line":64,"column":53}},"8":{"start":{"line":73,"column":27},"end":{"line":73,"column":53}},"9":{"start":{"line":82,"column":25},"end":{"line":82,"column":53}},"10":{"start":{"line":92,"column":27},"end":{"line":92,"column":53}},"11":{"start":{"line":103,"column":26},"end":{"line":103,"column":45}}},"fnMap":{"0":{"name":"(anonymous_0)","decl":{"start":{"line":8,"column":52},"end":{"line":8,"column":53}},"loc":{"start":{"line":12,"column":6},"end":{"line":102,"column":1}},"line":12},"1":{"name":"(anonymous_1)","decl":{"start":{"line":18,"column":21},"end":{"line":18,"column":22}},"loc":{"start":{"line":18,"column":27},"end":{"line":18,"column":53}},"line":18},"2":{"name":"(anonymous_2)","decl":{"start":{"line":26,"column":19},"end":{"line":26,"column":20}},"loc":{"start":{"line":26,"column":25},"end":{"line":26,"column":44}},"line":26},"3":{"name":"(anonymous_3)","decl":{"start":{"line":37,"column":21},"end":{"line":37,"column":22}},"loc":{"start":{"line":37,"column":27},"end":{"line":37,"column":53}},"line":37},"4":{"name":"(anonymous_4)","decl":{"start":{"line":46,"column":21},"end":{"line":46,"column":22}},"loc":{"start":{"line":46,"column":27},"end":{"line":46,"column":53}},"line":46},"5":{"name":"(anonymous_5)","decl":{"start":{"line":55,"column":21},"end":{"line":55,"column":22}},"loc":{"start":{"line":55,"column":27},"end":{"line":55,"column":49}},"line":55},"6":{"name":"(anonymous_6)","decl":{"start":{"line":64,"column":21},"end":{"line":64,"column":22}},"loc":{"start":{"line":64,"column":27},"end":{"line":64,"column":53}},"line":64},"7":{"name":"(anonymous_7)","decl":{"start":{"line":73,"column":21},"end":{"line":73,"column":22}},"loc":{"start":{"line":73,"column":27},"end":{"line":73,"column":53}},"line":73},"8":{"name":"(anonymous_8)","decl":{"start":{"line":82,"column":19},"end":{"line":82,"column":20}},"loc":{"start":{"line":82,"column":25},"end":{"line":82,"column":53}},"line":82},"9":{"name":"(anonymous_9)","decl":{"start":{"line":92,"column":21},"end":{"line":92,"column":22}},"loc":{"start":{"line":92,"column":27},"end":{"line":92,"column":53}},"line":92}},"branchMap":{"0":{"loc":{"start":{"line":16,"column":9},"end":{"line":24,"column":9}},"type":"binary-expr","locations":[{"start":{"line":16,"column":9},"end":{"line":16,"column":19}},{"start":{"line":17,"column":10},"end":{"line":23,"column":19}}],"line":16},"1":{"loc":{"start":{"line":29,"column":23},"end":{"line":29,"column":45}},"type":"binary-expr","locations":[{"start":{"line":29,"column":23},"end":{"line":29,"column":33}},{"start":{"line":29,"column":37},"end":{"line":29,"column":45}}],"line":29},"2":{"loc":{"start":{"line":34,"column":9},"end":{"line":34,"column":65}},"type":"binary-expr","locations":[{"start":{"line":34,"column":9},"end":{"line":34,"column":17}},{"start":{"line":34,"column":21},"end":{"line":34,"column":65}}],"line":34},"3":{"loc":{"start":{"line":35,"column":9},"end":{"line":43,"column":9}},"type":"binary-expr","locations":[{"start":{"line":35,"column":9},"end":{"line":35,"column":28}},{"start":{"line":35,"column":32},"end":{"line":35,"column":46}},{"start":{"line":36,"column":10},"end":{"line":42,"column":19}}],"line":35},"4":{"loc":{"start":{"line":44,"column":9},"end":{"line":52,"column":9}},"type":"binary-expr","locations":[{"start":{"line":44,"column":9},"end":{"line":44,"column":17}},{"start":{"line":45,"column":10},"end":{"line":51,"column":19}}],"line":44},"5":{"loc":{"start":{"line":53,"column":9},"end":{"line":61,"column":9}},"type":"binary-expr","locations":[{"start":{"line":53,"column":9},"end":{"line":53,"column":19}},{"start":{"line":53,"column":23},"end":{"line":53,"column":42}},{"start":{"line":54,"column":10},"end":{"line":60,"column":19}}],"line":53},"6":{"loc":{"start":{"line":62,"column":9},"end":{"line":70,"column":9}},"type":"binary-expr","locations":[{"start":{"line":62,"column":9},"end":{"line":62,"column":30}},{"start":{"line":63,"column":10},"end":{"line":69,"column":19}}],"line":62},"7":{"loc":{"start":{"line":71,"column":9},"end":{"line":79,"column":9}},"type":"binary-expr","locations":[{"start":{"line":71,"column":9},"end":{"line":71,"column":19}},{"start":{"line":71,"column":23},"end":{"line":71,"column":37}},{"start":{"line":72,"column":10},"end":{"line":78,"column":19}}],"line":71},"8":{"loc":{"start":{"line":80,"column":9},"end":{"line":80,"column":78}},"type":"binary-expr","locations":[{"start":{"line":80,"column":9},"end":{"line":80,"column":30}},{"start":{"line":80,"column":34},"end":{"line":80,"column":78}}],"line":80},"9":{"loc":{"start":{"line":85,"column":23},"end":{"line":85,"column":54}},"type":"binary-expr","locations":[{"start":{"line":85,"column":23},"end":{"line":85,"column":42}},{"start":{"line":85,"column":46},"end":{"line":85,"column":54}}],"line":85},"10":{"loc":{"start":{"line":90,"column":9},"end":{"line":98,"column":9}},"type":"binary-expr","locations":[{"start":{"line":90,"column":9},"end":{"line":90,"column":28}},{"start":{"line":91,"column":10},"end":{"line":97,"column":19}}],"line":90}},"s":{"0":3,"1":1,"2":0,"3":1,"4":0,"5":0,"6":0,"7":1,"8":1,"9":0,"10":1,"11":3},"f":{"0":1,"1":0,"2":1,"3":0,"4":0,"5":0,"6":1,"7":1,"8":0,"9":1},"b":{"0":[1,0],"1":[1,1],"2":[1,0],"3":[1,0,0],"4":[1,0],"5":[1,0,0],"6":[1,1],"7":[1,1,1],"8":[1,1],"9":[1,0],"10":[1,1]},"_coverageSchema":"1a1c01bbd47fc00a2c39e90264f33305004495a9","hash":"ae11a9fd411a3c3609c9a346295d6a375c1e2098"}
,"/Users/kevinogidigbo/searchgit/src/components/ResultTable/ResultTable.tsx": {"path":"/Users/kevinogidigbo/searchgit/src/components/ResultTable/ResultTable.tsx","statementMap":{"0":{"start":{"line":29,"column":19},"end":{"line":29,"column":67}},"1":{"start":{"line":30,"column":23},"end":{"line":30,"column":69}},"2":{"start":{"line":32,"column":37},"end":{"line":224,"column":1}},"3":{"start":{"line":43,"column":42},"end":{"line":43,"column":56}},"4":{"start":{"line":47,"column":2},"end":{"line":53,"column":3}},"5":{"start":{"line":48,"column":4},"end":{"line":48,"column":26}},"6":{"start":{"line":49,"column":4},"end":{"line":49,"column":20}},"7":{"start":{"line":51,"column":4},"end":{"line":51,"column":26}},"8":{"start":{"line":52,"column":4},"end":{"line":52,"column":20}},"9":{"start":{"line":56,"column":30},"end":{"line":60,"column":3}},"10":{"start":{"line":63,"column":2},"end":{"line":66,"column":20}},"11":{"start":{"line":64,"column":23},"end":{"line":64,"column":70}},"12":{"start":{"line":65,"column":4},"end":{"line":65,"column":34}},"13":{"start":{"line":68,"column":2},"end":{"line":223,"column":4}},"14":{"start":{"line":96,"column":29},"end":{"line":96,"column":51}},"15":{"start":{"line":105,"column":29},"end":{"line":105,"column":50}},"16":{"start":{"line":134,"column":35},"end":{"line":134,"column":57}},"17":{"start":{"line":143,"column":35},"end":{"line":143,"column":56}},"18":{"start":{"line":162,"column":35},"end":{"line":162,"column":60}},"19":{"start":{"line":193,"column":35},"end":{"line":193,"column":60}}},"fnMap":{"0":{"name":"(anonymous_0)","decl":{"start":{"line":32,"column":37},"end":{"line":32,"column":38}},"loc":{"start":{"line":41,"column":6},"end":{"line":224,"column":1}},"line":41},"1":{"name":"(anonymous_1)","decl":{"start":{"line":63,"column":12},"end":{"line":63,"column":13}},"loc":{"start":{"line":63,"column":18},"end":{"line":66,"column":3}},"line":63},"2":{"name":"(anonymous_2)","decl":{"start":{"line":96,"column":23},"end":{"line":96,"column":24}},"loc":{"start":{"line":96,"column":29},"end":{"line":96,"column":51}},"line":96},"3":{"name":"(anonymous_3)","decl":{"start":{"line":105,"column":23},"end":{"line":105,"column":24}},"loc":{"start":{"line":105,"column":29},"end":{"line":105,"column":50}},"line":105},"4":{"name":"(anonymous_4)","decl":{"start":{"line":134,"column":29},"end":{"line":134,"column":30}},"loc":{"start":{"line":134,"column":35},"end":{"line":134,"column":57}},"line":134},"5":{"name":"(anonymous_5)","decl":{"start":{"line":143,"column":29},"end":{"line":143,"column":30}},"loc":{"start":{"line":143,"column":35},"end":{"line":143,"column":56}},"line":143},"6":{"name":"(anonymous_6)","decl":{"start":{"line":162,"column":29},"end":{"line":162,"column":30}},"loc":{"start":{"line":162,"column":35},"end":{"line":162,"column":60}},"line":162},"7":{"name":"(anonymous_7)","decl":{"start":{"line":193,"column":29},"end":{"line":193,"column":30}},"loc":{"start":{"line":193,"column":35},"end":{"line":193,"column":60}},"line":193}},"branchMap":{"0":{"loc":{"start":{"line":47,"column":2},"end":{"line":53,"column":3}},"type":"if","locations":[{"start":{"line":47,"column":2},"end":{"line":53,"column":3}},{"start":{"line":50,"column":9},"end":{"line":53,"column":3}}],"line":47},"1":{"loc":{"start":{"line":94,"column":27},"end":{"line":94,"column":61}},"type":"binary-expr","locations":[{"start":{"line":94,"column":27},"end":{"line":94,"column":49}},{"start":{"line":94,"column":53},"end":{"line":94,"column":61}}],"line":94},"2":{"loc":{"start":{"line":103,"column":27},"end":{"line":103,"column":60}},"type":"binary-expr","locations":[{"start":{"line":103,"column":27},"end":{"line":103,"column":48}},{"start":{"line":103,"column":52},"end":{"line":103,"column":60}}],"line":103},"3":{"loc":{"start":{"line":132,"column":33},"end":{"line":132,"column":67}},"type":"binary-expr","locations":[{"start":{"line":132,"column":33},"end":{"line":132,"column":55}},{"start":{"line":132,"column":59},"end":{"line":132,"column":67}}],"line":132},"4":{"loc":{"start":{"line":141,"column":33},"end":{"line":141,"column":67}},"type":"binary-expr","locations":[{"start":{"line":141,"column":33},"end":{"line":141,"column":55}},{"start":{"line":141,"column":59},"end":{"line":141,"column":67}}],"line":141},"5":{"loc":{"start":{"line":153,"column":30},"end":{"line":153,"column":71}},"type":"cond-expr","locations":[{"start":{"line":153,"column":51},"end":{"line":153,"column":59}},{"start":{"line":153,"column":62},"end":{"line":153,"column":71}}],"line":153}},"s":{"0":3,"1":3,"2":3,"3":4,"4":4,"5":2,"6":2,"7":2,"8":2,"9":4,"10":4,"11":2,"12":2,"13":4,"14":0,"15":0,"16":0,"17":0,"18":0,"19":0},"f":{"0":4,"1":2,"2":0,"3":0,"4":0,"5":0,"6":0,"7":0},"b":{"0":[2,2],"1":[4,2],"2":[4,0],"3":[4,2],"4":[4,0],"5":[4,0]},"_coverageSchema":"1a1c01bbd47fc00a2c39e90264f33305004495a9","hash":"252f93c6f186a33f350c6206722ad33e1b42cde0"}
,"/Users/kevinogidigbo/searchgit/src/components/ResultTable/UsersGridItem.js": {"path":"/Users/kevinogidigbo/searchgit/src/components/ResultTable/UsersGridItem.js","statementMap":{"0":{"start":{"line":12,"column":22},"end":{"line":49,"column":1}},"1":{"start":{"line":13,"column":17},"end":{"line":13,"column":63}},"2":{"start":{"line":14,"column":13},"end":{"line":14,"column":58}},"3":{"start":{"line":15,"column":15},"end":{"line":15,"column":58}},"4":{"start":{"line":17,"column":2},"end":{"line":48,"column":4}}},"fnMap":{"0":{"name":"(anonymous_0)","decl":{"start":{"line":12,"column":22},"end":{"line":12,"column":23}},"loc":{"start":{"line":12,"column":33},"end":{"line":49,"column":1}},"line":12}},"branchMap":{"0":{"loc":{"start":{"line":15,"column":15},"end":{"line":15,"column":58}},"type":"binary-expr","locations":[{"start":{"line":15,"column":15},"end":{"line":15,"column":38}},{"start":{"line":15,"column":42},"end":{"line":15,"column":58}}],"line":15}},"s":{"0":3,"1":0,"2":0,"3":0,"4":0},"f":{"0":0},"b":{"0":[0,0]},"_coverageSchema":"1a1c01bbd47fc00a2c39e90264f33305004495a9","hash":"f4d02e57775ea1ce63992f4dc634d48ad517a4d0"}
,"/Users/kevinogidigbo/searchgit/src/components/ResultTable/UsersList.tsx": {"path":"/Users/kevinogidigbo/searchgit/src/components/ResultTable/UsersList.tsx","statementMap":{"0":{"start":{"line":21,"column":35},"end":{"line":93,"column":1}},"1":{"start":{"line":26,"column":2},"end":{"line":67,"column":3}},"2":{"start":{"line":28,"column":6},"end":{"line":30,"column":9}},"3":{"start":{"line":29,"column":8},"end":{"line":29,"column":51}},"4":{"start":{"line":31,"column":6},"end":{"line":36,"column":8}},"5":{"start":{"line":37,"column":6},"end":{"line":37,"column":12}},"6":{"start":{"line":39,"column":6},"end":{"line":41,"column":9}},"7":{"start":{"line":40,"column":8},"end":{"line":40,"column":51}},"8":{"start":{"line":42,"column":6},"end":{"line":63,"column":8}},"9":{"start":{"line":64,"column":6},"end":{"line":64,"column":12}},"10":{"start":{"line":66,"column":6},"end":{"line":66,"column":12}},"11":{"start":{"line":68,"column":2},"end":{"line":92,"column":4}}},"fnMap":{"0":{"name":"(anonymous_0)","decl":{"start":{"line":21,"column":35},"end":{"line":21,"column":36}},"loc":{"start":{"line":21,"column":46},"end":{"line":93,"column":1}},"line":21},"1":{"name":"(anonymous_1)","decl":{"start":{"line":28,"column":34},"end":{"line":28,"column":35}},"loc":{"start":{"line":29,"column":8},"end":{"line":29,"column":51}},"line":29},"2":{"name":"(anonymous_2)","decl":{"start":{"line":39,"column":34},"end":{"line":39,"column":35}},"loc":{"start":{"line":40,"column":8},"end":{"line":40,"column":51}},"line":40}},"branchMap":{"0":{"loc":{"start":{"line":26,"column":2},"end":{"line":67,"column":3}},"type":"switch","locations":[{"start":{"line":27,"column":4},"end":{"line":37,"column":12}},{"start":{"line":38,"column":4},"end":{"line":64,"column":12}},{"start":{"line":65,"column":4},"end":{"line":66,"column":12}}],"line":26},"1":{"loc":{"start":{"line":70,"column":7},"end":{"line":90,"column":7}},"type":"cond-expr","locations":[{"start":{"line":71,"column":8},"end":{"line":71,"column":19}},{"start":{"line":72,"column":10},"end":{"line":90,"column":7}}],"line":70},"2":{"loc":{"start":{"line":72,"column":10},"end":{"line":90,"column":7}},"type":"cond-expr","locations":[{"start":{"line":73,"column":8},"end":{"line":83,"column":14}},{"start":{"line":85,"column":8},"end":{"line":89,"column":14}}],"line":72},"3":{"loc":{"start":{"line":74,"column":11},"end":{"line":82,"column":11}},"type":"cond-expr","locations":[{"start":{"line":75,"column":12},"end":{"line":75,"column":24}},{"start":{"line":77,"column":12},"end":{"line":81,"column":18}}],"line":74}},"s":{"0":3,"1":4,"2":2,"3":0,"4":2,"5":2,"6":2,"7":0,"8":2,"9":2,"10":0,"11":4},"f":{"0":4,"1":0,"2":0},"b":{"0":[2,2,0],"1":[0,4],"2":[4,0],"3":[2,2]},"_coverageSchema":"1a1c01bbd47fc00a2c39e90264f33305004495a9","hash":"ea657820f95688fa1fe646a655b3c8e3cc07e2a1"}
,"/Users/kevinogidigbo/searchgit/src/components/ResultTable/UsersListItem.js": {"path":"/Users/kevinogidigbo/searchgit/src/components/ResultTable/UsersListItem.js","statementMap":{"0":{"start":{"line":10,"column":22},"end":{"line":30,"column":1}},"1":{"start":{"line":11,"column":17},"end":{"line":11,"column":63}},"2":{"start":{"line":12,"column":13},"end":{"line":12,"column":58}},"3":{"start":{"line":13,"column":15},"end":{"line":13,"column":58}},"4":{"start":{"line":15,"column":2},"end":{"line":29,"column":4}}},"fnMap":{"0":{"name":"(anonymous_0)","decl":{"start":{"line":10,"column":22},"end":{"line":10,"column":23}},"loc":{"start":{"line":10,"column":33},"end":{"line":30,"column":1}},"line":10}},"branchMap":{"0":{"loc":{"start":{"line":13,"column":15},"end":{"line":13,"column":58}},"type":"binary-expr","locations":[{"start":{"line":13,"column":15},"end":{"line":13,"column":38}},{"start":{"line":13,"column":42},"end":{"line":13,"column":58}}],"line":13}},"s":{"0":3,"1":0,"2":0,"3":0,"4":0},"f":{"0":0},"b":{"0":[0,0]},"_coverageSchema":"1a1c01bbd47fc00a2c39e90264f33305004495a9","hash":"563fac503dbbca993125b5a5d36f1013b5e0985b"}
,"/Users/kevinogidigbo/searchgit/src/components/Search/Search.tsx": {"path":"/Users/kevinogidigbo/searchgit/src/components/Search/Search.tsx","statementMap":{"0":{"start":{"line":13,"column":32},"end":{"line":62,"column":1}},"1":{"start":{"line":14,"column":16},"end":{"line":14,"column":28}},"2":{"start":{"line":15,"column":48},"end":{"line":15,"column":71}},"3":{"start":{"line":17,"column":24},"end":{"line":23,"column":3}},"4":{"start":{"line":18,"column":4},"end":{"line":18,"column":23}},"5":{"start":{"line":19,"column":4},"end":{"line":22,"column":5}},"6":{"start":{"line":20,"column":6},"end":{"line":20,"column":39}},"7":{"start":{"line":21,"column":6},"end":{"line":21,"column":31}},"8":{"start":{"line":25,"column":2},"end":{"line":61,"column":4}},"9":{"start":{"line":53,"column":25},"end":{"line":53,"column":59}}},"fnMap":{"0":{"name":"(anonymous_0)","decl":{"start":{"line":13,"column":32},"end":{"line":13,"column":33}},"loc":{"start":{"line":13,"column":45},"end":{"line":62,"column":1}},"line":13},"1":{"name":"(anonymous_1)","decl":{"start":{"line":17,"column":24},"end":{"line":17,"column":25}},"loc":{"start":{"line":17,"column":48},"end":{"line":23,"column":3}},"line":17},"2":{"name":"(anonymous_2)","decl":{"start":{"line":53,"column":18},"end":{"line":53,"column":19}},"loc":{"start":{"line":53,"column":25},"end":{"line":53,"column":59}},"line":53}},"branchMap":{"0":{"loc":{"start":{"line":19,"column":4},"end":{"line":22,"column":5}},"type":"if","locations":[{"start":{"line":19,"column":4},"end":{"line":22,"column":5}},{"start":{},"end":{}}],"line":19},"1":{"loc":{"start":{"line":28,"column":19},"end":{"line":28,"column":60}},"type":"binary-expr","locations":[{"start":{"line":28,"column":19},"end":{"line":28,"column":48}},{"start":{"line":28,"column":52},"end":{"line":28,"column":60}}],"line":28},"2":{"loc":{"start":{"line":47,"column":19},"end":{"line":47,"column":79}},"type":"cond-expr","locations":[{"start":{"line":47,"column":43},"end":{"line":47,"column":74}},{"start":{"line":47,"column":77},"end":{"line":47,"column":79}}],"line":47},"3":{"loc":{"start":{"line":56,"column":19},"end":{"line":56,"column":73}},"type":"cond-expr","locations":[{"start":{"line":56,"column":51},"end":{"line":56,"column":68}},{"start":{"line":56,"column":71},"end":{"line":56,"column":73}}],"line":56}},"s":{"0":3,"1":4,"2":4,"3":4,"4":0,"5":0,"6":0,"7":0,"8":4,"9":0},"f":{"0":4,"1":0,"2":0},"b":{"0":[0,0],"1":[4,2],"2":[0,4],"3":[2,2]},"_coverageSchema":"1a1c01bbd47fc00a2c39e90264f33305004495a9","hash":"34fcfbe6a27130e5f370bcba3c4ff41cdf6796a4"}
,"/Users/kevinogidigbo/searchgit/src/components/Search/TopSearch.tsx": {"path":"/Users/kevinogidigbo/searchgit/src/components/Search/TopSearch.tsx","statementMap":{"0":{"start":{"line":14,"column":19},"end":{"line":14,"column":55}},"1":{"start":{"line":16,"column":35},"end":{"line":67,"column":1}},"2":{"start":{"line":17,"column":48},"end":{"line":17,"column":71}},"3":{"start":{"line":20,"column":24},"end":{"line":25,"column":3}},"4":{"start":{"line":21,"column":4},"end":{"line":21,"column":23}},"5":{"start":{"line":22,"column":4},"end":{"line":24,"column":5}},"6":{"start":{"line":23,"column":6},"end":{"line":23,"column":39}},"7":{"start":{"line":27,"column":2},"end":{"line":66,"column":4}},"8":{"start":{"line":50,"column":25},"end":{"line":50,"column":59}}},"fnMap":{"0":{"name":"(anonymous_0)","decl":{"start":{"line":16,"column":35},"end":{"line":16,"column":36}},"loc":{"start":{"line":16,"column":48},"end":{"line":67,"column":1}},"line":16},"1":{"name":"(anonymous_1)","decl":{"start":{"line":20,"column":24},"end":{"line":20,"column":25}},"loc":{"start":{"line":20,"column":48},"end":{"line":25,"column":3}},"line":20},"2":{"name":"(anonymous_2)","decl":{"start":{"line":50,"column":18},"end":{"line":50,"column":19}},"loc":{"start":{"line":50,"column":25},"end":{"line":50,"column":59}},"line":50}},"branchMap":{"0":{"loc":{"start":{"line":22,"column":4},"end":{"line":24,"column":5}},"type":"if","locations":[{"start":{"line":22,"column":4},"end":{"line":24,"column":5}},{"start":{},"end":{}}],"line":22},"1":{"loc":{"start":{"line":30,"column":19},"end":{"line":30,"column":60}},"type":"binary-expr","locations":[{"start":{"line":30,"column":19},"end":{"line":30,"column":48}},{"start":{"line":30,"column":52},"end":{"line":30,"column":60}}],"line":30},"2":{"loc":{"start":{"line":41,"column":10},"end":{"line":43,"column":16}},"type":"cond-expr","locations":[{"start":{"line":42,"column":14},"end":{"line":42,"column":45}},{"start":{"line":43,"column":14},"end":{"line":43,"column":16}}],"line":41},"3":{"loc":{"start":{"line":41,"column":10},"end":{"line":41,"column":59}},"type":"binary-expr","locations":[{"start":{"line":41,"column":10},"end":{"line":41,"column":34}},{"start":{"line":41,"column":38},"end":{"line":41,"column":59}}],"line":41},"4":{"loc":{"start":{"line":52,"column":7},"end":{"line":59,"column":9}},"type":"binary-expr","locations":[{"start":{"line":52,"column":7},"end":{"line":52,"column":31}},{"start":{"line":53,"column":8},"end":{"line":53,"column":29}},{"start":{"line":54,"column":8},"end":{"line":54,"column":30}},{"start":{"line":55,"column":10},"end":{"line":58,"column":14}}],"line":52},"5":{"loc":{"start":{"line":57,"column":13},"end":{"line":57,"column":60}},"type":"cond-expr","locations":[{"start":{"line":57,"column":40},"end":{"line":57,"column":49}},{"start":{"line":57,"column":52},"end":{"line":57,"column":60}}],"line":57},"6":{"loc":{"start":{"line":61,"column":19},"end":{"line":61,"column":73}},"type":"cond-expr","locations":[{"start":{"line":61,"column":51},"end":{"line":61,"column":68}},{"start":{"line":61,"column":71},"end":{"line":61,"column":73}}],"line":61}},"s":{"0":2,"1":2,"2":1,"3":1,"4":0,"5":0,"6":0,"7":1,"8":0},"f":{"0":1,"1":0,"2":0},"b":{"0":[0,0],"1":[1,0],"2":[0,1],"3":[1,0],"4":[1,1,0,0],"5":[0,0],"6":[0,1]},"_coverageSchema":"1a1c01bbd47fc00a2c39e90264f33305004495a9","hash":"b9524285403ddaf4037053987131de89eb0319bc"}
,"/Users/kevinogidigbo/searchgit/src/components/common/GitIcon/index.tsx": {"path":"/Users/kevinogidigbo/searchgit/src/components/common/GitIcon/index.tsx","statementMap":{"0":{"start":{"line":3,"column":27},"end":{"line":27,"column":1}},"1":{"start":{"line":4,"column":2},"end":{"line":26,"column":4}}},"fnMap":{"0":{"name":"(anonymous_0)","decl":{"start":{"line":3,"column":27},"end":{"line":3,"column":28}},"loc":{"start":{"line":3,"column":33},"end":{"line":27,"column":1}},"line":3}},"branchMap":{},"s":{"0":4,"1":4},"f":{"0":4},"b":{},"_coverageSchema":"1a1c01bbd47fc00a2c39e90264f33305004495a9","hash":"0ffe43feecb6ac193790c74a7d48645fb4be1526"}
,"/Users/kevinogidigbo/searchgit/src/components/common/Loading/Loading.js": {"path":"/Users/kevinogidigbo/searchgit/src/components/common/Loading/Loading.js","statementMap":{"0":{"start":{"line":4,"column":16},"end":{"line":34,"column":1}},"1":{"start":{"line":5,"column":2},"end":{"line":33,"column":4}}},"fnMap":{"0":{"name":"(anonymous_0)","decl":{"start":{"line":4,"column":16},"end":{"line":4,"column":17}},"loc":{"start":{"line":4,"column":22},"end":{"line":34,"column":1}},"line":4}},"branchMap":{},"s":{"0":3,"1":0},"f":{"0":0},"b":{},"_coverageSchema":"1a1c01bbd47fc00a2c39e90264f33305004495a9","hash":"37a58d309939fabe730ad8137847639e11587a40"}
,"/Users/kevinogidigbo/searchgit/src/components/common/MoonIcon/index.tsx": {"path":"/Users/kevinogidigbo/searchgit/src/components/common/MoonIcon/index.tsx","statementMap":{"0":{"start":{"line":7,"column":34},"end":{"line":24,"column":1}},"1":{"start":{"line":8,"column":2},"end":{"line":23,"column":4}}},"fnMap":{"0":{"name":"(anonymous_0)","decl":{"start":{"line":7,"column":34},"end":{"line":7,"column":35}},"loc":{"start":{"line":7,"column":48},"end":{"line":24,"column":1}},"line":7}},"branchMap":{},"s":{"0":2,"1":2},"f":{"0":2},"b":{},"_coverageSchema":"1a1c01bbd47fc00a2c39e90264f33305004495a9","hash":"0b81124828803c5bf75d0f8bdd92e021365631e6"}
,"/Users/kevinogidigbo/searchgit/src/components/common/SunIcon/index.tsx": {"path":"/Users/kevinogidigbo/searchgit/src/components/common/SunIcon/index.tsx","statementMap":{"0":{"start":{"line":7,"column":33},"end":{"line":22,"column":1}},"1":{"start":{"line":8,"column":2},"end":{"line":21,"column":4}}},"fnMap":{"0":{"name":"(anonymous_0)","decl":{"start":{"line":7,"column":33},"end":{"line":7,"column":34}},"loc":{"start":{"line":7,"column":47},"end":{"line":22,"column":1}},"line":7}},"branchMap":{},"s":{"0":2,"1":2},"f":{"0":2},"b":{},"_coverageSchema":"1a1c01bbd47fc00a2c39e90264f33305004495a9","hash":"a97284e36bb55914286714f2fdd209eec8f38d07"}
,"/Users/kevinogidigbo/searchgit/src/pages/Home/index.tsx": {"path":"/Users/kevinogidigbo/searchgit/src/pages/Home/index.tsx","statementMap":{"0":{"start":{"line":13,"column":13},"end":{"line":25,"column":1}},"1":{"start":{"line":14,"column":14},"end":{"line":14,"column":33}},"2":{"start":{"line":15,"column":2},"end":{"line":24,"column":4}}},"fnMap":{"0":{"name":"(anonymous_0)","decl":{"start":{"line":13,"column":13},"end":{"line":13,"column":14}},"loc":{"start":{"line":13,"column":19},"end":{"line":25,"column":1}},"line":13}},"branchMap":{},"s":{"0":2,"1":2,"2":2},"f":{"0":2},"b":{},"_coverageSchema":"1a1c01bbd47fc00a2c39e90264f33305004495a9","hash":"ec9887d054753a265c056ddfbfb09bf04cdad70f"}
,"/Users/kevinogidigbo/searchgit/src/pages/Results/index.tsx": {"path":"/Users/kevinogidigbo/searchgit/src/pages/Results/index.tsx","statementMap":{"0":{"start":{"line":17,"column":19},"end":{"line":17,"column":55}},"1":{"start":{"line":18,"column":21},"end":{"line":18,"column":69}},"2":{"start":{"line":19,"column":23},"end":{"line":19,"column":69}},"3":{"start":{"line":21,"column":16},"end":{"line":85,"column":1}},"4":{"start":{"line":22,"column":14},"end":{"line":22,"column":33}},"5":{"start":{"line":23,"column":21},"end":{"line":30,"column":3}},"6":{"start":{"line":33,"column":46},"end":{"line":36,"column":3}},"7":{"start":{"line":39,"column":30},"end":{"line":43,"column":3}},"8":{"start":{"line":46,"column":22},"end":{"line":46,"column":69}},"9":{"start":{"line":46,"column":46},"end":{"line":46,"column":69}},"10":{"start":{"line":48,"column":2},"end":{"line":84,"column":4}}},"fnMap":{"0":{"name":"(anonymous_0)","decl":{"start":{"line":21,"column":16},"end":{"line":21,"column":17}},"loc":{"start":{"line":21,"column":22},"end":{"line":85,"column":1}},"line":21},"1":{"name":"(anonymous_1)","decl":{"start":{"line":46,"column":22},"end":{"line":46,"column":23}},"loc":{"start":{"line":46,"column":46},"end":{"line":46,"column":69}},"line":46}},"branchMap":{"0":{"loc":{"start":{"line":68,"column":7},"end":{"line":82,"column":7}},"type":"binary-expr","locations":[{"start":{"line":68,"column":7},"end":{"line":68,"column":30}},{"start":{"line":69,"column":8},"end":{"line":81,"column":21}}],"line":68}},"s":{"0":2,"1":2,"2":2,"3":2,"4":1,"5":1,"6":1,"7":1,"8":1,"9":0,"10":1},"f":{"0":1,"1":0},"b":{"0":[1,0]},"_coverageSchema":"1a1c01bbd47fc00a2c39e90264f33305004495a9","hash":"860b8cac88b34e32b8c8e7c7976f6f51d0951dd6"}
,"/Users/kevinogidigbo/searchgit/src/store/context.tsx": {"path":"/Users/kevinogidigbo/searchgit/src/store/context.tsx","statementMap":{"0":{"start":{"line":8,"column":16},"end":{"line":21,"column":2}},"1":{"start":{"line":24,"column":28},"end":{"line":24,"column":40}},"2":{"start":{"line":25,"column":48},"end":{"line":25,"column":59}},"3":{"start":{"line":26,"column":42},"end":{"line":26,"column":54}},"4":{"start":{"line":27,"column":34},"end":{"line":27,"column":46}},"5":{"start":{"line":29,"column":26},"end":{"line":29,"column":37}},"6":{"start":{"line":30,"column":40},"end":{"line":30,"column":52}},"7":{"start":{"line":31,"column":36},"end":{"line":31,"column":51}},"8":{"start":{"line":32,"column":40},"end":{"line":32,"column":55}},"9":{"start":{"line":33,"column":36},"end":{"line":33,"column":47}},"10":{"start":{"line":35,"column":2},"end":{"line":40,"column":36}},"11":{"start":{"line":36,"column":4},"end":{"line":38,"column":5}},"12":{"start":{"line":37,"column":6},"end":{"line":37,"column":24}},"13":{"start":{"line":42,"column":26},"end":{"line":80,"column":3}},"14":{"start":{"line":43,"column":4},"end":{"line":43,"column":23}},"15":{"start":{"line":46,"column":4},"end":{"line":79,"column":5}},"16":{"start":{"line":47,"column":6},"end":{"line":49,"column":8}},"17":{"start":{"line":51,"column":19},"end":{"line":51,"column":33}},"18":{"start":{"line":52,"column":6},"end":{"line":52,"column":53}},"19":{"start":{"line":53,"column":6},"end":{"line":53,"column":28}},"20":{"start":{"line":54,"column":6},"end":{"line":54,"column":44}},"21":{"start":{"line":55,"column":6},"end":{"line":55,"column":26}},"22":{"start":{"line":57,"column":6},"end":{"line":61,"column":7}},"23":{"start":{"line":58,"column":8},"end":{"line":58,"column":29}},"24":{"start":{"line":60,"column":8},"end":{"line":60,"column":30}},"25":{"start":{"line":63,"column":20},"end":{"line":63,"column":37}},"26":{"start":{"line":64,"column":6},"end":{"line":64,"column":34}},"27":{"start":{"line":65,"column":6},"end":{"line":76,"column":7}},"28":{"start":{"line":67,"column":8},"end":{"line":67,"column":80}},"29":{"start":{"line":68,"column":8},"end":{"line":68,"column":63}},"30":{"start":{"line":69,"column":13},"end":{"line":76,"column":7}},"31":{"start":{"line":71,"column":8},"end":{"line":71,"column":52}},"32":{"start":{"line":74,"column":8},"end":{"line":74,"column":40}},"33":{"start":{"line":75,"column":8},"end":{"line":75,"column":52}},"34":{"start":{"line":78,"column":6},"end":{"line":78,"column":26}},"35":{"start":{"line":82,"column":2},"end":{"line":101,"column":4}}},"fnMap":{"0":{"name":"(anonymous_0)","decl":{"start":{"line":16,"column":15},"end":{"line":16,"column":16}},"loc":{"start":{"line":16,"column":37},"end":{"line":16,"column":39}},"line":16},"1":{"name":"(anonymous_1)","decl":{"start":{"line":17,"column":18},"end":{"line":17,"column":19}},"loc":{"start":{"line":17,"column":43},"end":{"line":17,"column":45}},"line":17},"2":{"name":"(anonymous_2)","decl":{"start":{"line":18,"column":11},"end":{"line":18,"column":12}},"loc":{"start":{"line":18,"column":29},"end":{"line":18,"column":31}},"line":18},"3":{"name":"ContextProvider","decl":{"start":{"line":23,"column":9},"end":{"line":23,"column":24}},"loc":{"start":{"line":23,"column":39},"end":{"line":102,"column":1}},"line":23},"4":{"name":"(anonymous_4)","decl":{"start":{"line":35,"column":12},"end":{"line":35,"column":13}},"loc":{"start":{"line":35,"column":18},"end":{"line":40,"column":3}},"line":35},"5":{"name":"(anonymous_5)","decl":{"start":{"line":42,"column":26},"end":{"line":42,"column":27}},"loc":{"start":{"line":42,"column":38},"end":{"line":80,"column":3}},"line":42}},"branchMap":{"0":{"loc":{"start":{"line":36,"column":4},"end":{"line":38,"column":5}},"type":"if","locations":[{"start":{"line":36,"column":4},"end":{"line":38,"column":5}},{"start":{},"end":{}}],"line":36},"1":{"loc":{"start":{"line":57,"column":6},"end":{"line":61,"column":7}},"type":"if","locations":[{"start":{"line":57,"column":6},"end":{"line":61,"column":7}},{"start":{"line":59,"column":13},"end":{"line":61,"column":7}}],"line":57},"2":{"loc":{"start":{"line":65,"column":6},"end":{"line":76,"column":7}},"type":"if","locations":[{"start":{"line":65,"column":6},"end":{"line":76,"column":7}},{"start":{"line":69,"column":13},"end":{"line":76,"column":7}}],"line":65},"3":{"loc":{"start":{"line":69,"column":13},"end":{"line":76,"column":7}},"type":"if","locations":[{"start":{"line":69,"column":13},"end":{"line":76,"column":7}},{"start":{"line":72,"column":13},"end":{"line":76,"column":7}}],"line":69}},"s":{"0":7,"1":8,"2":8,"3":8,"4":8,"5":8,"6":8,"7":8,"8":8,"9":8,"10":8,"11":8,"12":0,"13":8,"14":0,"15":0,"16":0,"17":0,"18":0,"19":0,"20":0,"21":0,"22":0,"23":0,"24":0,"25":0,"26":0,"27":0,"28":0,"29":0,"30":0,"31":0,"32":0,"33":0,"34":0,"35":8},"f":{"0":0,"1":0,"2":0,"3":8,"4":8,"5":0},"b":{"0":[0,8],"1":[0,0],"2":[0,0],"3":[0,0]},"_coverageSchema":"1a1c01bbd47fc00a2c39e90264f33305004495a9","hash":"41f6cf08f1388a8b4c6af29531955d12ebad4499"}
,"/Users/kevinogidigbo/searchgit/src/util/Hooks/useMedia.js": {"path":"/Users/kevinogidigbo/searchgit/src/util/Hooks/useMedia.js","statementMap":{"0":{"start":{"line":5,"column":25},"end":{"line":5,"column":65}},"1":{"start":{"line":5,"column":44},"end":{"line":5,"column":64}},"2":{"start":{"line":8,"column":18},"end":{"line":13,"column":2}},"3":{"start":{"line":10,"column":16},"end":{"line":10,"column":63}},"4":{"start":{"line":10,"column":51},"end":{"line":10,"column":62}},"5":{"start":{"line":12,"column":2},"end":{"line":12,"column":77}},"6":{"start":{"line":16,"column":27},"end":{"line":16,"column":45}},"7":{"start":{"line":18,"column":1},"end":{"line":31,"column":3}},"8":{"start":{"line":23,"column":19},"end":{"line":23,"column":43}},"9":{"start":{"line":23,"column":25},"end":{"line":23,"column":43}},"10":{"start":{"line":25,"column":3},"end":{"line":25,"column":62}},"11":{"start":{"line":25,"column":36},"end":{"line":25,"column":60}},"12":{"start":{"line":27,"column":3},"end":{"line":28,"column":66}},"13":{"start":{"line":28,"column":4},"end":{"line":28,"column":65}},"14":{"start":{"line":28,"column":37},"end":{"line":28,"column":64}},"15":{"start":{"line":33,"column":1},"end":{"line":33,"column":14}}},"fnMap":{"0":{"name":"useMedia","decl":{"start":{"line":3,"column":9},"end":{"line":3,"column":17}},"loc":{"start":{"line":3,"column":49},"end":{"line":34,"column":1}},"line":3},"1":{"name":"(anonymous_1)","decl":{"start":{"line":5,"column":37},"end":{"line":5,"column":38}},"loc":{"start":{"line":5,"column":44},"end":{"line":5,"column":64}},"line":5},"2":{"name":"(anonymous_2)","decl":{"start":{"line":8,"column":18},"end":{"line":8,"column":19}},"loc":{"start":{"line":8,"column":24},"end":{"line":13,"column":2}},"line":8},"3":{"name":"(anonymous_3)","decl":{"start":{"line":10,"column":42},"end":{"line":10,"column":43}},"loc":{"start":{"line":10,"column":51},"end":{"line":10,"column":62}},"line":10},"4":{"name":"(anonymous_4)","decl":{"start":{"line":19,"column":2},"end":{"line":19,"column":3}},"loc":{"start":{"line":19,"column":8},"end":{"line":29,"column":3}},"line":19},"5":{"name":"(anonymous_5)","decl":{"start":{"line":23,"column":19},"end":{"line":23,"column":20}},"loc":{"start":{"line":23,"column":25},"end":{"line":23,"column":43}},"line":23},"6":{"name":"(anonymous_6)","decl":{"start":{"line":25,"column":27},"end":{"line":25,"column":28}},"loc":{"start":{"line":25,"column":36},"end":{"line":25,"column":60}},"line":25},"7":{"name":"(anonymous_7)","decl":{"start":{"line":27,"column":10},"end":{"line":27,"column":11}},"loc":{"start":{"line":28,"column":4},"end":{"line":28,"column":65}},"line":28},"8":{"name":"(anonymous_8)","decl":{"start":{"line":28,"column":28},"end":{"line":28,"column":29}},"loc":{"start":{"line":28,"column":37},"end":{"line":28,"column":64}},"line":28}},"branchMap":{"0":{"loc":{"start":{"line":12,"column":9},"end":{"line":12,"column":76}},"type":"cond-expr","locations":[{"start":{"line":12,"column":48},"end":{"line":12,"column":61}},{"start":{"line":12,"column":64},"end":{"line":12,"column":76}}],"line":12}},"s":{"0":1,"1":1,"2":1,"3":1,"4":1,"5":1,"6":1,"7":1,"8":1,"9":0,"10":1,"11":1,"12":1,"13":1,"14":1,"15":1},"f":{"0":1,"1":1,"2":1,"3":1,"4":1,"5":0,"6":1,"7":1,"8":1},"b":{"0":[0,1]},"_coverageSchema":"1a1c01bbd47fc00a2c39e90264f33305004495a9","hash":"ff7849579d554b777c12d61ed96e10d109918836"}
,"/Users/kevinogidigbo/searchgit/src/util/Utils/ActiveFilterImageUtil.ts": {"path":"/Users/kevinogidigbo/searchgit/src/util/Utils/ActiveFilterImageUtil.ts","statementMap":{"0":{"start":{"line":6,"column":30},"end":{"line":29,"column":1}},"1":{"start":{"line":11,"column":4},"end":{"line":27,"column":5}},"2":{"start":{"line":13,"column":8},"end":{"line":13,"column":56}},"3":{"start":{"line":14,"column":8},"end":{"line":14,"column":41}},"4":{"start":{"line":15,"column":8},"end":{"line":15,"column":64}},"5":{"start":{"line":16,"column":8},"end":{"line":16,"column":23}},"6":{"start":{"line":18,"column":8},"end":{"line":18,"column":50}},"7":{"start":{"line":19,"column":8},"end":{"line":19,"column":42}},"8":{"start":{"line":20,"column":8},"end":{"line":20,"column":64}},"9":{"start":{"line":21,"column":8},"end":{"line":21,"column":23}},"10":{"start":{"line":23,"column":8},"end":{"line":23,"column":50}},"11":{"start":{"line":24,"column":8},"end":{"line":24,"column":41}},"12":{"start":{"line":25,"column":8},"end":{"line":25,"column":64}},"13":{"start":{"line":26,"column":8},"end":{"line":26,"column":23}}},"fnMap":{"0":{"name":"(anonymous_0)","decl":{"start":{"line":7,"column":2},"end":{"line":7,"column":3}},"loc":{"start":{"line":7,"column":30},"end":{"line":28,"column":3}},"line":7}},"branchMap":{"0":{"loc":{"start":{"line":11,"column":4},"end":{"line":27,"column":5}},"type":"switch","locations":[{"start":{"line":12,"column":6},"end":{"line":16,"column":23}},{"start":{"line":17,"column":6},"end":{"line":21,"column":23}},{"start":{"line":22,"column":6},"end":{"line":26,"column":23}}],"line":11}},"s":{"0":3,"1":2,"2":1,"3":1,"4":1,"5":1,"6":0,"7":0,"8":0,"9":0,"10":1,"11":1,"12":1,"13":1},"f":{"0":2},"b":{"0":[1,0,1]},"_coverageSchema":"1a1c01bbd47fc00a2c39e90264f33305004495a9","hash":"2fa687177154bae76ca59caba4d754445aaee0c7"}
,"/Users/kevinogidigbo/searchgit/src/util/Utils/ValidationUtil.js": {"path":"/Users/kevinogidigbo/searchgit/src/util/Utils/ValidationUtil.js","statementMap":{"0":{"start":{"line":1,"column":23},"end":{"line":9,"column":1}},"1":{"start":{"line":3,"column":2},"end":{"line":5,"column":3}},"2":{"start":{"line":4,"column":3},"end":{"line":4,"column":16}},"3":{"start":{"line":7,"column":2},"end":{"line":7,"column":15}}},"fnMap":{"0":{"name":"(anonymous_0)","decl":{"start":{"line":2,"column":1},"end":{"line":2,"column":2}},"loc":{"start":{"line":2,"column":20},"end":{"line":8,"column":2}},"line":2}},"branchMap":{"0":{"loc":{"start":{"line":3,"column":2},"end":{"line":5,"column":3}},"type":"if","locations":[{"start":{"line":3,"column":2},"end":{"line":5,"column":3}},{"start":{},"end":{}}],"line":3},"1":{"loc":{"start":{"line":3,"column":6},"end":{"line":3,"column":43}},"type":"binary-expr","locations":[{"start":{"line":3,"column":6},"end":{"line":3,"column":25}},{"start":{"line":3,"column":29},"end":{"line":3,"column":43}}],"line":3}},"s":{"0":3,"1":0,"2":0,"3":0},"f":{"0":0},"b":{"0":[0,0],"1":[0,0]},"_coverageSchema":"1a1c01bbd47fc00a2c39e90264f33305004495a9","hash":"bfe6ed979b9045c88338686e611a596e40ea0e66"}
,"/Users/kevinogidigbo/searchgit/src/util/Utils/test-utils.tsx": {"path":"/Users/kevinogidigbo/searchgit/src/util/Utils/test-utils.tsx","statementMap":{"0":{"start":{"line":5,"column":28},"end":{"line":7,"column":1}},"1":{"start":{"line":6,"column":2},"end":{"line":6,"column":55}},"2":{"start":{"line":9,"column":21},"end":{"line":12,"column":57}},"3":{"start":{"line":12,"column":5},"end":{"line":12,"column":57}}},"fnMap":{"0":{"name":"(anonymous_0)","decl":{"start":{"line":5,"column":28},"end":{"line":5,"column":29}},"loc":{"start":{"line":5,"column":46},"end":{"line":7,"column":1}},"line":5},"1":{"name":"(anonymous_1)","decl":{"start":{"line":9,"column":21},"end":{"line":9,"column":22}},"loc":{"start":{"line":12,"column":5},"end":{"line":12,"column":57}},"line":12}},"branchMap":{},"s":{"0":7,"1":8,"2":7,"3":8},"f":{"0":8,"1":8},"b":{},"_coverageSchema":"1a1c01bbd47fc00a2c39e90264f33305004495a9","hash":"67a7e3418b0dc056d9384b5216043acf7b5cec15"}
}
