TN:
SF:src/App.tsx
FN:51,App
FN:56,(anonymous_1)
FN:59,(anonymous_2)
FN:60,(anonymous_3)
FNF:4
FNH:3
FNDA:1,App
FNDA:1,(anonymous_1)
FNDA:0,(anonymous_2)
FNDA:1,(anonymous_3)
DA:52,1
DA:57,1
DA:59,0
DA:60,1
LF:4
LH:3
BRF:0
BRH:0
end_of_record
TN:
SF:src/index.tsx
FNF:0
FNH:0
DA:7,0
DA:17,0
LF:2
LH:0
BRF:0
BRH:0
end_of_record
TN:
SF:src/reportWebVitals.ts
FN:3,(anonymous_0)
FN:5,(anonymous_1)
FNF:2
FNH:0
FNDA:0,(anonymous_0)
FNDA:0,(anonymous_1)
DA:3,0
DA:4,0
DA:5,0
DA:6,0
DA:7,0
DA:8,0
DA:9,0
DA:10,0
LF:8
LH:0
BRDA:4,0,0,0
BRDA:4,0,1,0
BRDA:4,1,0,0
BRDA:4,1,1,0
BRF:4
BRH:0
end_of_record
TN:
SF:src/components/Header/index.tsx
FN:16,(anonymous_0)
FN:28,(anonymous_1)
FN:32,(anonymous_2)
FN:77,(anonymous_3)
FN:84,(anonymous_4)
FNF:5
FNH:2
FNDA:2,(anonymous_0)
FNDA:2,(anonymous_1)
FNDA:0,(anonymous_2)
FNDA:0,(anonymous_3)
FNDA:0,(anonymous_4)
DA:14,2
DA:16,2
DA:18,2
DA:21,2
DA:26,2
DA:28,2
DA:29,2
DA:32,2
DA:33,0
DA:34,0
DA:35,0
DA:36,0
DA:37,0
DA:38,0
DA:42,2
DA:77,0
DA:84,0
LF:17
LH:9
BRDA:23,0,0,0
BRDA:23,0,1,2
BRDA:33,1,0,0
BRDA:33,1,1,0
BRDA:36,2,0,0
BRDA:36,2,1,0
BRDA:48,3,0,0
BRDA:48,3,1,2
BRDA:51,4,0,2
BRDA:51,4,1,0
BRDA:81,5,0,0
BRDA:81,5,1,2
BRDA:88,6,0,0
BRDA:88,6,1,2
BRF:14
BRH:5
end_of_record
TN:
SF:src/components/Pagination/index.tsx
FN:8,(anonymous_0)
FN:18,(anonymous_1)
FN:26,(anonymous_2)
FN:37,(anonymous_3)
FN:46,(anonymous_4)
FN:55,(anonymous_5)
FN:64,(anonymous_6)
FN:73,(anonymous_7)
FN:82,(anonymous_8)
FN:92,(anonymous_9)
FNF:10
FNH:5
FNDA:1,(anonymous_0)
FNDA:0,(anonymous_1)
FNDA:1,(anonymous_2)
FNDA:0,(anonymous_3)
FNDA:0,(anonymous_4)
FNDA:0,(anonymous_5)
FNDA:1,(anonymous_6)
FNDA:1,(anonymous_7)
FNDA:0,(anonymous_8)
FNDA:1,(anonymous_9)
DA:8,3
DA:13,1
DA:18,0
DA:26,1
DA:37,0
DA:46,0
DA:55,0
DA:64,1
DA:73,1
DA:82,0
DA:92,1
DA:103,3
LF:12
LH:7
BRDA:16,0,0,1
BRDA:16,0,1,0
BRDA:29,1,0,1
BRDA:29,1,1,1
BRDA:34,2,0,1
BRDA:34,2,1,0
BRDA:35,3,0,1
BRDA:35,3,1,0
BRDA:35,3,2,0
BRDA:44,4,0,1
BRDA:44,4,1,0
BRDA:53,5,0,1
BRDA:53,5,1,0
BRDA:53,5,2,0
BRDA:62,6,0,1
BRDA:62,6,1,1
BRDA:71,7,0,1
BRDA:71,7,1,1
BRDA:71,7,2,1
BRDA:80,8,0,1
BRDA:80,8,1,1
BRDA:85,9,0,1
BRDA:85,9,1,0
BRDA:90,10,0,1
BRDA:90,10,1,1
BRF:25
BRH:17
end_of_record
TN:
SF:src/components/ResultTable/ResultTable.tsx
FN:32,(anonymous_0)
FN:63,(anonymous_1)
FN:96,(anonymous_2)
FN:105,(anonymous_3)
FN:134,(anonymous_4)
FN:143,(anonymous_5)
FN:162,(anonymous_6)
FN:193,(anonymous_7)
FNF:8
FNH:2
FNDA:4,(anonymous_0)
FNDA:2,(anonymous_1)
FNDA:0,(anonymous_2)
FNDA:0,(anonymous_3)
FNDA:0,(anonymous_4)
FNDA:0,(anonymous_5)
FNDA:0,(anonymous_6)
FNDA:0,(anonymous_7)
DA:29,3
DA:30,3
DA:32,3
DA:43,4
DA:47,4
DA:48,2
DA:49,2
DA:51,2
DA:52,2
DA:56,4
DA:63,4
DA:64,2
DA:65,2
DA:68,4
DA:96,0
DA:105,0
DA:134,0
DA:143,0
DA:162,0
DA:193,0
LF:20
LH:14
BRDA:47,0,0,2
BRDA:47,0,1,2
BRDA:94,1,0,4
BRDA:94,1,1,2
BRDA:103,2,0,4
BRDA:103,2,1,0
BRDA:132,3,0,4
BRDA:132,3,1,2
BRDA:141,4,0,4
BRDA:141,4,1,0
BRDA:153,5,0,4
BRDA:153,5,1,0
BRF:12
BRH:9
end_of_record
TN:
SF:src/components/ResultTable/UsersGridItem.js
FN:12,(anonymous_0)
FNF:1
FNH:0
FNDA:0,(anonymous_0)
DA:12,3
DA:13,0
DA:14,0
DA:15,0
DA:17,0
LF:5
LH:1
BRDA:15,0,0,0
BRDA:15,0,1,0
BRF:2
BRH:0
end_of_record
TN:
SF:src/components/ResultTable/UsersList.tsx
FN:21,(anonymous_0)
FN:28,(anonymous_1)
FN:39,(anonymous_2)
FNF:3
FNH:1
FNDA:4,(anonymous_0)
FNDA:0,(anonymous_1)
FNDA:0,(anonymous_2)
DA:21,3
DA:26,4
DA:28,2
DA:29,0
DA:31,2
DA:37,2
DA:39,2
DA:40,0
DA:42,2
DA:64,2
DA:66,0
DA:68,4
LF:12
LH:9
BRDA:26,0,0,2
BRDA:26,0,1,2
BRDA:26,0,2,0
BRDA:70,1,0,0
BRDA:70,1,1,4
BRDA:72,2,0,4
BRDA:72,2,1,0
BRDA:74,3,0,2
BRDA:74,3,1,2
BRF:9
BRH:6
end_of_record
TN:
SF:src/components/ResultTable/UsersListItem.js
FN:10,(anonymous_0)
FNF:1
FNH:0
FNDA:0,(anonymous_0)
DA:10,3
DA:11,0
DA:12,0
DA:13,0
DA:15,0
LF:5
LH:1
BRDA:13,0,0,0
BRDA:13,0,1,0
BRF:2
BRH:0
end_of_record
TN:
SF:src/components/Search/Search.tsx
FN:13,(anonymous_0)
FN:17,(anonymous_1)
FN:53,(anonymous_2)
FNF:3
FNH:1
FNDA:4,(anonymous_0)
FNDA:0,(anonymous_1)
FNDA:0,(anonymous_2)
DA:13,3
DA:14,4
DA:15,4
DA:17,4
DA:18,0
DA:19,0
DA:20,0
DA:21,0
DA:25,4
DA:53,0
LF:10
LH:5
BRDA:19,0,0,0
BRDA:19,0,1,0
BRDA:28,1,0,4
BRDA:28,1,1,2
BRDA:47,2,0,0
BRDA:47,2,1,4
BRDA:56,3,0,2
BRDA:56,3,1,2
BRF:8
BRH:5
end_of_record
TN:
SF:src/components/Search/TopSearch.tsx
FN:16,(anonymous_0)
FN:20,(anonymous_1)
FN:50,(anonymous_2)
FNF:3
FNH:1
FNDA:1,(anonymous_0)
FNDA:0,(anonymous_1)
FNDA:0,(anonymous_2)
DA:14,2
DA:16,2
DA:17,1
DA:20,1
DA:21,0
DA:22,0
DA:23,0
DA:27,1
DA:50,0
LF:9
LH:5
BRDA:22,0,0,0
BRDA:22,0,1,0
BRDA:30,1,0,1
BRDA:30,1,1,0
BRDA:41,2,0,0
BRDA:41,2,1,1
BRDA:41,3,0,1
BRDA:41,3,1,0
BRDA:52,4,0,1
BRDA:52,4,1,1
BRDA:52,4,2,0
BRDA:52,4,3,0
BRDA:57,5,0,0
BRDA:57,5,1,0
BRDA:61,6,0,0
BRDA:61,6,1,1
BRF:16
BRH:6
end_of_record
TN:
SF:src/components/common/GitIcon/index.tsx
FN:3,(anonymous_0)
FNF:1
FNH:1
FNDA:4,(anonymous_0)
DA:3,4
DA:4,4
LF:2
LH:2
BRF:0
BRH:0
end_of_record
TN:
SF:src/components/common/Loading/Loading.js
FN:4,(anonymous_0)
FNF:1
FNH:0
FNDA:0,(anonymous_0)
DA:4,3
DA:5,0
LF:2
LH:1
BRF:0
BRH:0
end_of_record
TN:
SF:src/components/common/MoonIcon/index.tsx
FN:7,(anonymous_0)
FNF:1
FNH:1
FNDA:2,(anonymous_0)
DA:7,2
DA:8,2
LF:2
LH:2
BRF:0
BRH:0
end_of_record
TN:
SF:src/components/common/SunIcon/index.tsx
FN:7,(anonymous_0)
FNF:1
FNH:1
FNDA:2,(anonymous_0)
DA:7,2
DA:8,2
LF:2
LH:2
BRF:0
BRH:0
end_of_record
TN:
SF:src/pages/Home/index.tsx
FN:13,(anonymous_0)
FNF:1
FNH:1
FNDA:2,(anonymous_0)
DA:13,2
DA:14,2
DA:15,2
LF:3
LH:3
BRF:0
BRH:0
end_of_record
TN:
SF:src/pages/Results/index.tsx
FN:21,(anonymous_0)
FN:46,(anonymous_1)
FNF:2
FNH:1
FNDA:1,(anonymous_0)
FNDA:0,(anonymous_1)
DA:17,2
DA:18,2
DA:19,2
DA:21,2
DA:22,1
DA:23,1
DA:33,1
DA:39,1
DA:46,1
DA:48,1
LF:10
LH:10
BRDA:68,0,0,1
BRDA:68,0,1,0
BRF:2
BRH:1
end_of_record
TN:
SF:src/store/context.tsx
FN:16,(anonymous_0)
FN:17,(anonymous_1)
FN:18,(anonymous_2)
FN:23,ContextProvider
FN:35,(anonymous_4)
FN:42,(anonymous_5)
FNF:6
FNH:2
FNDA:0,(anonymous_0)
FNDA:0,(anonymous_1)
FNDA:0,(anonymous_2)
FNDA:8,ContextProvider
FNDA:8,(anonymous_4)
FNDA:0,(anonymous_5)
DA:8,7
DA:24,8
DA:25,8
DA:26,8
DA:27,8
DA:29,8
DA:30,8
DA:31,8
DA:32,8
DA:33,8
DA:35,8
DA:36,8
DA:37,0
DA:42,8
DA:43,0
DA:46,0
DA:47,0
DA:51,0
DA:52,0
DA:53,0
DA:54,0
DA:55,0
DA:57,0
DA:58,0
DA:60,0
DA:63,0
DA:64,0
DA:65,0
DA:67,0
DA:68,0
DA:69,0
DA:71,0
DA:74,0
DA:75,0
DA:78,0
DA:82,8
LF:36
LH:14
BRDA:36,0,0,0
BRDA:36,0,1,8
BRDA:57,1,0,0
BRDA:57,1,1,0
BRDA:65,2,0,0
BRDA:65,2,1,0
BRDA:69,3,0,0
BRDA:69,3,1,0
BRF:8
BRH:1
end_of_record
TN:
SF:src/util/Hooks/useMedia.js
FN:3,useMedia
FN:5,(anonymous_1)
FN:8,(anonymous_2)
FN:10,(anonymous_3)
FN:19,(anonymous_4)
FN:23,(anonymous_5)
FN:25,(anonymous_6)
FN:27,(anonymous_7)
FN:28,(anonymous_8)
FNF:9
FNH:8
FNDA:1,useMedia
FNDA:1,(anonymous_1)
FNDA:1,(anonymous_2)
FNDA:1,(anonymous_3)
FNDA:1,(anonymous_4)
FNDA:0,(anonymous_5)
FNDA:1,(anonymous_6)
FNDA:1,(anonymous_7)
FNDA:1,(anonymous_8)
DA:5,1
DA:8,1
DA:10,1
DA:12,1
DA:16,1
DA:18,1
DA:23,1
DA:25,1
DA:27,1
DA:28,1
DA:33,1
LF:11
LH:11
BRDA:12,0,0,0
BRDA:12,0,1,1
BRF:2
BRH:1
end_of_record
TN:
SF:src/util/Utils/ActiveFilterImageUtil.ts
FN:7,(anonymous_0)
FNF:1
FNH:1
FNDA:2,(anonymous_0)
DA:6,3
DA:11,2
DA:13,1
DA:14,1
DA:15,1
DA:16,1
DA:18,0
DA:19,0
DA:20,0
DA:21,0
DA:23,1
DA:24,1
DA:25,1
DA:26,1
LF:14
LH:10
BRDA:11,0,0,1
BRDA:11,0,1,0
BRDA:11,0,2,1
BRF:3
BRH:2
end_of_record
TN:
SF:src/util/Utils/ValidationUtil.js
FN:2,(anonymous_0)
FNF:1
FNH:0
FNDA:0,(anonymous_0)
DA:1,3
DA:3,0
DA:4,0
DA:7,0
LF:4
LH:1
BRDA:3,0,0,0
BRDA:3,0,1,0
BRDA:3,1,0,0
BRDA:3,1,1,0
BRF:4
BRH:0
end_of_record
TN:
SF:src/util/Utils/test-utils.tsx
FN:5,(anonymous_0)
FN:9,(anonymous_1)
FNF:2
FNH:2
FNDA:8,(anonymous_0)
FNDA:8,(anonymous_1)
DA:5,7
DA:6,8
DA:9,7
DA:12,8
LF:4
LH:4
BRF:0
BRH:0
end_of_record
